<?xml version="1.0" encoding="UTF-8"?>
<!-- Generated by org.testng.reporters.JUnitReportReporter -->
<testsuite skipped="0" hostname="DESKTOP-4K3DOPB" name="com.usa.testngrunner.TestNGRunner" tests="1" failures="0" timestamp="19 Jul 2018 02:02:43 GMT" time="20.474" errors="0">
  <testcase name="feature" time="20.474" classname="com.usa.testngrunner.TestNGRunner"/>
</testsuite> <!-- com.usa.testngrunner.TestNGRunner -->
