<?xml version="1.0" encoding="UTF-8"?>
<!-- Generated by org.testng.reporters.JUnitReportReporter -->
<testsuite skipped="10" hostname="DESKTOP-4K3DOPB" name="com.usa.practicecode.DragAndDrops" tests="11" failures="0" timestamp="19 Jul 2018 21:49:44 GMT" time="13.695" errors="0">
  <testcase name="multiplewindow" time="13.695" classname="com.usa.practicecode.DragAndDrops"/>
  <testcase name="HandleCalender" classname="com.usa.practicecode.DragAndDrops">
    <skipped/>
  </testcase> <!-- HandleCalender -->
  <testcase name="Drag_Drop" classname="com.usa.practicecode.DragAndDrops">
    <skipped/>
  </testcase> <!-- Drag_Drop -->
  <testcase name="DropDownMemuByLooping" classname="com.usa.practicecode.DragAndDrops">
    <skipped/>
  </testcase> <!-- DropDownMemuByLooping -->
  <testcase name="ScrollDownWithJavascriptExecutor" classname="com.usa.practicecode.DragAndDrops">
    <skipped/>
  </testcase> <!-- ScrollDownWithJavascriptExecutor -->
  <testcase name="IframeHandle" classname="com.usa.practicecode.DragAndDrops">
    <skipped/>
  </testcase> <!-- IframeHandle -->
  <testcase name="CertificatesHandle" classname="com.usa.practicecode.DragAndDrops">
    <skipped/>
  </testcase> <!-- CertificatesHandle -->
  <testcase name="ClickWebElementWithActionClass" classname="com.usa.practicecode.DragAndDrops">
    <skipped/>
  </testcase> <!-- ClickWebElementWithActionClass -->
  <testcase name="ScrollDownWithAction" classname="com.usa.practicecode.DragAndDrops">
    <skipped/>
  </testcase> <!-- ScrollDownWithAction -->
  <testcase name="ClickWebElementWithActionDoubleClick" classname="com.usa.practicecode.DragAndDrops">
    <skipped/>
  </testcase> <!-- ClickWebElementWithActionDoubleClick -->
  <testcase name="MouseHover" classname="com.usa.practicecode.DragAndDrops">
    <skipped/>
  </testcase> <!-- MouseHover -->
</testsuite> <!-- com.usa.practicecode.DragAndDrops -->
