<?xml version="1.0" encoding="UTF-8"?>
<!-- Generated by org.testng.reporters.JUnitReportReporter -->
<testsuite name="com.usa.ttech.mukta.ValidateMethod" tests="2" time="35.525" ignored="0" failures="0" timestamp="06 Jul 2018 16:04:38 GMT" skipped="0" hostname="DESKTOP-4K3DOPB" errors="0">
  <testcase name="HomePageValidation" time="14.863" classname="com.usa.ttech.mukta.ValidateMethod"/>
  <testcase name="LoginValidationpage" time="20.662" classname="com.usa.ttech.mukta.ValidateMethod"/>
</testsuite> <!-- com.usa.ttech.mukta.ValidateMethod -->
