<?xml version="1.0" encoding="UTF-8"?>
<!-- Generated by org.testng.reporters.JUnitReportReporter -->
<testsuite name="com.usa.practice.testng.code.TestNGListeners" tests="2" time="10.394" ignored="0" failures="0" timestamp="25 Jun 2018 00:33:06 GMT" skipped="0" hostname="DESKTOP-4K3DOPB" errors="0">
  <testcase name="Login" time="10.389" classname="com.usa.practice.testng.code.TestNGListeners"/>
  <testcase name="TestToFail" time="0.005" classname="com.usa.practice.testng.code.TestNGListeners"/>
</testsuite> <!-- com.usa.practice.testng.code.TestNGListeners -->
